<?xml version="1.0" encoding="UTF-8"?>
<!-- Generated by org.testng.reporters.JUnitReportReporter -->
<testsuite hostname="DESKTOP-KONAUUD" failures="0" tests="1" name="day9.testngExamples.AnnotationList" time="0.024" errors="0" timestamp="2024-09-04T22:30:52 IST" skipped="0">
  <testcase classname="day9.testngExamples.AnnotationList" name="f5" time="0.024"/>
</testsuite> <!-- day9.testngExamples.AnnotationList -->
