<?xml version="1.0" encoding="UTF-8"?>
<!-- Generated by org.testng.reporters.JUnitReportReporter -->
<testsuite hostname="DESKTOP-KONAUUD" failures="0" tests="1" name="day10.testngExample2.AnnotationList" time="0.012" errors="0" timestamp="2024-09-04T22:35:38 IST" skipped="0">
  <testcase classname="day10.testngExample2.AnnotationList" name="f5" time="0.012"/>
</testsuite> <!-- day10.testngExample2.AnnotationList -->
