<?xml version="1.0" encoding="UTF-8"?>
<!-- Generated by org.testng.reporters.JUnitReportReporter -->
<testsuite hostname="DESKTOP-KONAUUD" failures="0" tests="1" name="day9.testngExamples.OrangeHRM_PIM" time="0.014" errors="0" timestamp="2024-09-04T14:31:54 IST" skipped="0">
  <testcase classname="day9.testngExamples.OrangeHRM_PIM" name="testPIM_Update" time="0.014"/>
</testsuite> <!-- day9.testngExamples.OrangeHRM_PIM -->
