<?xml version="1.0" encoding="UTF-8"?>
<!-- Generated by org.testng.reporters.JUnitReportReporter -->
<testsuite hostname="DESKTOP-KONAUUD" failures="0" tests="6" name="day9.testngExamples.Example3" time="0.034" errors="0" timestamp="2024-09-04T14:17:25 IST" skipped="1">
  <testcase classname="day9.testngExamples.Example3" name="testCase4" time="0.007"/>
  <testcase classname="day9.testngExamples.Example3" name="testCase3" time="0.005"/>
  <testcase classname="day9.testngExamples.Example3" name="testCase4" time="0.004"/>
  <testcase classname="day9.testngExamples.Example3" name="testCase4" time="0.004"/>
  <testcase classname="day9.testngExamples.Example3" name="testCase1" time="0.014"/>
  <testcase classname="day9.testngExamples.Example3" name="testCase2">
    <skipped/>
  </testcase> <!-- testCase2 -->
</testsuite> <!-- day9.testngExamples.Example3 -->
