<?xml version="1.0" encoding="UTF-8"?>
<!-- Generated by org.testng.reporters.JUnitReportReporter -->
<testsuite hostname="DESKTOP-KONAUUD" failures="0" tests="2" name="day9.testngExamples.Example5" time="0.015" errors="0" timestamp="2024-09-04T14:28:46 IST" skipped="0">
  <testcase classname="day9.testngExamples.Example5" name="testActitime" time="0.010"/>
  <testcase classname="day9.testngExamples.Example5" name="testOrangeHrm" time="0.005"/>
</testsuite> <!-- day9.testngExamples.Example5 -->
