<?xml version="1.0" encoding="UTF-8"?>
<!-- Generated by org.testng.reporters.JUnitReportReporter -->
<testsuite hostname="DESKTOP-KONAUUD" failures="0" tests="1" name="TestngPractice.testngClass" time="0.015" errors="0" timestamp="2024-09-04T13:49:11 IST" skipped="0">
  <testcase classname="TestngPractice.testngClass" name="testcase1" time="0.015"/>
</testsuite> <!-- TestngPractice.testngClass -->
