<?xml version="1.0" encoding="UTF-8"?>
<!-- Generated by org.testng.reporters.JUnitReportReporter -->
<testsuite hostname="DESKTOP-KONAUUD" failures="0" tests="1" name="day9.testngExamples.Example1" time="0.014" errors="0" timestamp="2024-09-04T13:52:36 IST" skipped="0">
  <testcase classname="day9.testngExamples.Example1" name="testCase1" time="0.014"/>
</testsuite> <!-- day9.testngExamples.Example1 -->
