<?xml version="1.0" encoding="UTF-8"?>
<!-- Generated by org.testng.reporters.JUnitReportReporter -->
<testsuite hostname="DESKTOP-KONAUUD" failures="0" tests="1" name="day10.testngExample2.ExampleWithBeforeAfterSuite" time="0.009" errors="0" timestamp="2024-09-04T22:40:00 IST" skipped="0">
  <testcase classname="day10.testngExample2.ExampleWithBeforeAfterSuite" name="testCase1" time="0.009"/>
</testsuite> <!-- day10.testngExample2.ExampleWithBeforeAfterSuite -->
