<?xml version="1.0" encoding="UTF-8"?>
<!-- Generated by org.testng.reporters.JUnitReportReporter -->
<testsuite hostname="DESKTOP-KONAUUD" failures="0" tests="4" name="day10.testngExample2.ClassLabelAnnotation" time="0.027" errors="0" timestamp="2024-09-04T22:38:09 IST" skipped="0">
  <testcase classname="day10.testngExample2.ClassLabelAnnotation" name="testCase2" time="0.003"/>
  <testcase classname="day10.testngExample2.ClassLabelAnnotation" name="testCase3" time="0.005"/>
  <testcase classname="day10.testngExample2.ClassLabelAnnotation" name="testCase4" time="0.005"/>
  <testcase classname="day10.testngExample2.ClassLabelAnnotation" name="testCase1" time="0.014"/>
</testsuite> <!-- day10.testngExample2.ClassLabelAnnotation -->
